<?xml version="1.0" encoding="UTF-8"?>
<!-- Generated by org.testng.reporters.JUnitReportReporter -->
<testsuite hostname="LAPTOP-TEP3NIGR" failures="0" tests="1" name="BackOfficeApiTesting.CreateOneTierTest" time="6.126" errors="0" timestamp="2024-10-01T18:14:16 IST" skipped="0">
  <testcase classname="BackOfficeApiTesting.CreateOneTierTest" name="oneTierCreateTest" time="6.126"/>
  <system-out/>
</testsuite> <!-- BackOfficeApiTesting.CreateOneTierTest -->
