<?xml version="1.0" encoding="UTF-8"?>
<!-- Generated by org.testng.reporters.JUnitReportReporter -->
<testsuite hostname="LAPTOP-TEP3NIGR" failures="0" tests="1" name="BackOfficeApiTesting.GenerateTokenTest" time="3.825" errors="0" timestamp="2024-09-30T16:17:47 IST" skipped="0">
  <testcase classname="BackOfficeApiTesting.GenerateTokenTest" name="backOfficeLoginTest" time="3.825"/>
  <system-out/>
</testsuite> <!-- BackOfficeApiTesting.GenerateTokenTest -->
