<?xml version="1.0" encoding="UTF-8"?>
<!-- Generated by org.testng.reporters.JUnitReportReporter -->
<testsuite hostname="LAPTOP-TEP3NIGR" failures="0" tests="1" name="APiTesting.GetTopMenuByDeviceTest" time="2.329" errors="0" timestamp="2024-09-26T11:06:44 IST" skipped="0">
  <testcase classname="APiTesting.GetTopMenuByDeviceTest" name="getTopMenuDetails" time="2.329"/>
  <system-out/>
</testsuite> <!-- APiTesting.GetTopMenuByDeviceTest -->
