<?xml version="1.0" encoding="UTF-8"?>
<!-- Generated by org.testng.reporters.JUnitReportReporter -->
<testsuite hostname="LAPTOP-TEP3NIGR" failures="0" tests="1" name="APiTesting.GetMenuDetailsBasedonPageidandCountryCodeTest" time="3.448" errors="0" timestamp="2024-09-26T11:03:41 IST" skipped="0">
  <testcase classname="APiTesting.GetMenuDetailsBasedonPageidandCountryCodeTest" name="getMenuDetails" time="3.448"/>
  <system-out/>
</testsuite> <!-- APiTesting.GetMenuDetailsBasedonPageidandCountryCodeTest -->
