<?xml version="1.0" encoding="UTF-8"?>
<!-- Generated by org.testng.reporters.JUnitReportReporter -->
<testsuite hostname="LAPTOP-TEP3NIGR" failures="0" tests="1" name="APiTesting.GenerateTokenApiTest" time="4.767" errors="0" timestamp="2024-09-25T18:02:13 IST" skipped="0">
  <testcase classname="APiTesting.GenerateTokenApiTest" name="generateToken" time="4.767"/>
  <system-out/>
</testsuite> <!-- APiTesting.GenerateTokenApiTest -->
