<?xml version="1.0" encoding="UTF-8"?>
<!-- Generated by org.testng.reporters.JUnitReportReporter -->
<testsuite hostname="LAPTOP-TEP3NIGR" failures="0" tests="1" name="APiTesting.WatchingApiTest" time="5.241" errors="0" timestamp="2024-09-29T17:01:34 IST" skipped="0">
  <testcase classname="APiTesting.WatchingApiTest" name="watchingApi" time="5.241"/>
  <system-out/>
</testsuite> <!-- APiTesting.WatchingApiTest -->
