<?xml version="1.0" encoding="UTF-8"?>
<!-- Generated by org.testng.reporters.JUnitReportReporter -->
<testsuite hostname="LAPTOP-TEP3NIGR" failures="0" tests="1" name="APiTesting.GetConfigApiTest" time="0.232" errors="0" timestamp="2024-09-25T11:44:20 IST" skipped="0">
  <testcase classname="APiTesting.GetConfigApiTest" name="getConfig" time="0.232"/>
  <system-out/>
</testsuite> <!-- APiTesting.GetConfigApiTest -->
