<?xml version="1.0" encoding="UTF-8"?>
<!-- Generated by org.testng.reporters.JUnitReportReporter -->
<testsuite hostname="LAPTOP-TEP3NIGR" failures="0" tests="3" name="TestCases.SigninTest" time="28.840" errors="0" timestamp="19 Sept 2024 05:26:44 GMT" skipped="0">
  <testcase classname="TestCases.SigninTest" name="InvalidUserTest" time="11.319"/>
  <testcase classname="TestCases.SigninTest" name="ValidUserTest" time="5.920"/>
  <testcase classname="TestCases.SigninTest" name="InvalidUserTest" time="11.601"/>
</testsuite> <!-- TestCases.SigninTest -->
