<?xml version="1.0" encoding="UTF-8"?>
<!-- Generated by org.testng.reporters.JUnitReportReporter -->
<testsuite hostname="LAPTOP-TEP3NIGR" failures="0" tests="1" name="TestCases.ContactUsTest" time="12.157" errors="0" timestamp="19 Sept 2024 05:26:44 GMT" skipped="0">
  <testcase classname="TestCases.ContactUsTest" name="contactTest" time="12.157"/>
</testsuite> <!-- TestCases.ContactUsTest -->
